  Scene1.cpp
e:\dm2212_physics\dm2212_physics\physics\source\scene1.cpp(44): warning C4244: 'argument': conversion from 'double' to 'float', possible loss of data
e:\dm2212_physics\dm2212_physics\physics\source\scene1.cpp(44): warning C4305: 'argument': truncation from 'double' to 'float'
e:\dm2212_physics\dm2212_physics\physics\source\scene1.cpp(48): warning C4244: 'argument': conversion from 'double' to 'float', possible loss of data
e:\dm2212_physics\dm2212_physics\physics\source\scene1.cpp(48): warning C4305: 'argument': truncation from 'double' to 'float'
e:\dm2212_physics\dm2212_physics\physics\source\scene1.cpp(63): warning C4244: 'argument': conversion from 'double' to 'float', possible loss of data
e:\dm2212_physics\dm2212_physics\physics\source\scene1.cpp(63): warning C4305: 'argument': truncation from 'double' to 'float'
e:\dm2212_physics\dm2212_physics\physics\source\scene1.cpp(67): warning C4244: 'argument': conversion from 'double' to 'float', possible loss of data
e:\dm2212_physics\dm2212_physics\physics\source\scene1.cpp(67): warning C4305: 'argument': truncation from 'double' to 'float'
e:\dm2212_physics\dm2212_physics\physics\source\scene1.cpp(89): warning C4244: 'argument': conversion from 'double' to 'float', possible loss of data
e:\dm2212_physics\dm2212_physics\physics\source\scene1.cpp(89): warning C4305: 'argument': truncation from 'double' to 'float'
e:\dm2212_physics\dm2212_physics\physics\source\scene1.cpp(93): warning C4244: 'argument': conversion from 'double' to 'float', possible loss of data
e:\dm2212_physics\dm2212_physics\physics\source\scene1.cpp(93): warning C4305: 'argument': truncation from 'double' to 'float'
e:\dm2212_physics\dm2212_physics\physics\source\scene1.cpp(112): warning C4244: 'argument': conversion from 'double' to 'float', possible loss of data
e:\dm2212_physics\dm2212_physics\physics\source\scene1.cpp(112): warning C4305: 'argument': truncation from 'double' to 'float'
e:\dm2212_physics\dm2212_physics\physics\source\scene1.cpp(116): warning C4244: 'argument': conversion from 'double' to 'float', possible loss of data
e:\dm2212_physics\dm2212_physics\physics\source\scene1.cpp(116): warning C4305: 'argument': truncation from 'double' to 'float'
e:\dm2212_physics\dm2212_physics\physics\source\scene1.cpp(130): warning C4305: 'argument': truncation from 'double' to 'float'
e:\dm2212_physics\dm2212_physics\physics\source\scene1.cpp(225): warning C4244: 'argument': conversion from 'const int' to 'float', possible loss of data
e:\dm2212_physics\dm2212_physics\physics\source\scene1.cpp(266): warning C4244: '+=': conversion from 'double' to 'float', possible loss of data
e:\dm2212_physics\dm2212_physics\physics\source\scene1.cpp(268): warning C4244: '+=': conversion from 'double' to 'float', possible loss of data
e:\dm2212_physics\dm2212_physics\physics\source\scene1.cpp(341): warning C4244: 'initializing': conversion from 'float' to 'int', possible loss of data
e:\dm2212_physics\dm2212_physics\physics\source\scene1.cpp(464): warning C4244: 'argument': conversion from 'double' to 'float', possible loss of data
e:\dm2212_physics\dm2212_physics\physics\source\scene1.cpp(497): warning C4244: 'argument': conversion from 'const int' to 'float', possible loss of data
e:\dm2212_physics\dm2212_physics\physics\source\scene1.cpp(565): warning C4244: 'argument': conversion from 'double' to 'float', possible loss of data
e:\dm2212_physics\dm2212_physics\physics\source\scene1.cpp(578): warning C4305: 'argument': truncation from 'double' to 'float'
e:\dm2212_physics\dm2212_physics\physics\source\scene1.cpp(579): warning C4244: 'argument': conversion from 'double' to 'float', possible loss of data
  Physics.vcxproj -> E:\DM2212_Physics\DM2212_Physics\Debug\Physics.exe
  Physics.vcxproj -> E:\DM2212_Physics\DM2212_Physics\Debug\Physics.pdb (Full PDB)
