g:\work\studio project\sp3framework\physics\release\vc140.pdb
g:\work\studio project\sp3framework\physics\release\utility.obj
g:\work\studio project\sp3framework\physics\release\shader.obj
g:\work\studio project\sp3framework\physics\release\scenemenu.obj
g:\work\studio project\sp3framework\physics\release\scenemanager.obj
g:\work\studio project\sp3framework\physics\release\scenecollision.obj
g:\work\studio project\sp3framework\physics\release\scenebase.obj
g:\work\studio project\sp3framework\physics\release\meshbuilder.obj
g:\work\studio project\sp3framework\physics\release\mesh.obj
g:\work\studio project\sp3framework\physics\release\main.obj
g:\work\studio project\sp3framework\physics\release\keyboardcontroller.obj
g:\work\studio project\sp3framework\physics\release\gameobject.obj
g:\work\studio project\sp3framework\physics\release\musicplayer.obj
g:\work\studio project\sp3framework\physics\release\loadtga.obj
g:\work\studio project\sp3framework\physics\release\loadobj.obj
g:\work\studio project\sp3framework\physics\release\filereader.obj
g:\work\studio project\sp3framework\physics\release\camera.obj
g:\work\studio project\sp3framework\physics\release\application.obj
g:\work\studio project\sp3framework\release\studioproject.exe
g:\work\studio project\sp3framework\release\studioproject.ipdb
g:\work\studio project\sp3framework\release\studioproject.iobj
g:\work\studio project\sp3framework\release\studioproject.pdb
g:\work\studio project\sp3framework\physics\release\studioproject.tlog\cl.read.1.tlog
g:\work\studio project\sp3framework\physics\release\studioproject.tlog\cl.write.1.tlog
g:\work\studio project\sp3framework\physics\release\studioproject.tlog\cl.command.1.tlog
g:\work\studio project\sp3framework\physics\release\studioproject.tlog\link.read.1.tlog
g:\work\studio project\sp3framework\physics\release\studioproject.tlog\link.write.1.tlog
g:\work\studio project\sp3framework\physics\release\studioproject.tlog\link.command.1.tlog
